<?xml version="1.0" encoding="UTF-8"?>
<!-- Generated by org.testng.reporters.JUnitReportReporter -->
<testsuite hostname="Rajib_Desktop" failures="0" tests="1" name="Runner.TestRun" time="0.010" errors="0" timestamp="2022-09-10T19:41:32 IST" skipped="0">
  <testcase classname="Runner.TestRun" name="testcase1" time="0.010"/>
  <system-out/>
</testsuite> <!-- Runner.TestRun -->
