<?xml version="1.0" encoding="UTF-8"?>
<!-- Generated by org.testng.reporters.JUnitReportReporter -->
<testsuite hostname="Rajib_Desktop" failures="0" tests="1" name="Runner.TestRunner" time="4.967" errors="0" timestamp="2022-09-10T20:57:40 IST" skipped="0">
  <testcase classname="Runner.TestRunner" name="runScenario" time="4.967"/>
  <system-out/>
</testsuite> <!-- Runner.TestRunner -->
