<?xml version="1.0" encoding="UTF-8"?>
<!-- Generated by org.testng.reporters.JUnitReportReporter -->
<testsuite hostname="Rajib_Desktop" failures="0" tests="2" name="Runner.TestRunner" time="7.460" errors="0" timestamp="2022-09-10T20:28:22 IST" skipped="0">
  <testcase classname="Runner.TestRunner" name="runScenario" time="2.456"/>
  <system-out/>
  <testcase classname="Runner.TestRunner" name="runScenario" time="5.004"/>
  <system-out/>
</testsuite> <!-- Runner.TestRunner -->
